2024-11-13 14:36:24,464 INFO:Processing bucket: dfp-viral-moment-videos
2024-11-13 14:36:25,700 INFO:Created a temporary directory at /tmp/tmpo_nf0qfl
2024-11-13 14:36:25,700 INFO:Writing /tmp/tmpo_nf0qfl/_remote_module_non_scriptable.py
2024-11-13 14:36:39,593 INFO:Processed 'April/April_6939122462894476550.mp4' - categorized as 'nonmilitary' and saved to 'nonmilitary/April/April_6939122462894476550.mp4'
2024-11-13 14:36:58,465 INFO:Processed 'April/April_7008936343145319686.mp4' - categorized as 'nonmilitary' and saved to 'nonmilitary/April/April_7008936343145319686.mp4'
2024-11-13 14:38:03,619 INFO:Processed 'April/April_7172364104852835630.mp4' - categorized as 'nonmilitary' and saved to 'nonmilitary/April/April_7172364104852835630.mp4'
2024-11-13 14:38:29,828 INFO:Processed 'April/April_7216039989652622598.mp4' - categorized as 'nonmilitary' and saved to 'nonmilitary/April/April_7216039989652622598.mp4'
2024-11-13 14:41:13,260 INFO:Processed 'April/April_7234736405304626478.mp4' - categorized as 'nonmilitary' and saved to 'nonmilitary/April/April_7234736405304626478.mp4'
2024-11-13 14:41:20,582 INFO:Processed 'April/April_7258878720293965102.mp4' - categorized as 'nonmilitary' and saved to 'nonmilitary/April/April_7258878720293965102.mp4'
2024-11-13 14:42:15,317 INFO:Processed 'April/April_7275385411290025262.mp4' - categorized as 'nonmilitary' and saved to 'nonmilitary/April/April_7275385411290025262.mp4'
2024-11-13 14:47:47,431 INFO:Processed 'April/April_7314891085086739758.mp4' - categorized as 'nonmilitary' and saved to 'nonmilitary/April/April_7314891085086739758.mp4'
2024-11-13 14:49:39,644 INFO:Processed 'April/April_7339836774497209605.mp4' - categorized as 'nonmilitary' and saved to 'nonmilitary/April/April_7339836774497209605.mp4'
2024-11-13 14:50:34,251 INFO:Processed 'August/August_6999870875101105414.mp4' - categorized as 'nonmilitary' and saved to 'nonmilitary/August/August_6999870875101105414.mp4'
2024-11-13 14:52:02,928 INFO:Processed 'August/August_7118874762901769514.mp4' - categorized as 'nonmilitary' and saved to 'nonmilitary/August/August_7118874762901769514.mp4'
2024-11-13 14:52:20,295 INFO:Processed 'August/August_7132871430181588270.mp4' - categorized as 'nonmilitary' and saved to 'nonmilitary/August/August_7132871430181588270.mp4'
2024-11-13 14:52:34,222 INFO:Processed 'August/August_7133684849776282922.mp4' - categorized as 'nonmilitary' and saved to 'nonmilitary/August/August_7133684849776282922.mp4'
2024-11-13 14:53:12,296 INFO:Processed 'August/August_7159949991836912938.mp4' - categorized as 'weapons' and saved to 'weapons/August/August_7159949991836912938.mp4'
2024-11-13 14:55:00,764 INFO:Processed 'August/August_7160514675199806726.mp4' - categorized as 'nonmilitary' and saved to 'nonmilitary/August/August_7160514675199806726.mp4'
2024-11-13 14:55:41,118 INFO:Processed 'August/August_7160708971945315626.mp4' - categorized as 'nonmilitary' and saved to 'nonmilitary/August/August_7160708971945315626.mp4'
2024-11-13 14:56:53,677 INFO:Processed 'August/August_7173151991647014186.mp4' - categorized as 'nonmilitary' and saved to 'nonmilitary/August/August_7173151991647014186.mp4'
2024-11-13 14:57:06,852 INFO:Processed 'August/August_7175193151454399786.mp4' - categorized as 'aircraft' and saved to 'aircraft/August/August_7175193151454399786.mp4'
2024-11-13 14:57:27,596 INFO:Processed 'August/August_7175969128455343366.mp4' - categorized as 'nonmilitary' and saved to 'nonmilitary/August/August_7175969128455343366.mp4'
2024-11-13 14:57:55,653 INFO:Processed 'August/August_7205518916502818074.mp4' - categorized as 'nonmilitary' and saved to 'nonmilitary/August/August_7205518916502818074.mp4'
2024-11-13 14:58:01,204 INFO:Processed 'August/August_7208351935785733381.mp4' - categorized as 'nonmilitary' and saved to 'nonmilitary/August/August_7208351935785733381.mp4'
2024-11-13 14:58:21,646 INFO:Processed 'August/August_7208663856644869422.mp4' - categorized as 'ground_vehicles' and saved to 'ground_vehicles/August/August_7208663856644869422.mp4'
2024-11-13 14:58:41,550 INFO:Processed 'August/August_7225589520723348742.mp4' - categorized as 'aircraft' and saved to 'aircraft/August/August_7225589520723348742.mp4'
2024-11-13 14:59:47,985 INFO:Processed 'August/August_7226767562019802410.mp4' - categorized as 'nonmilitary' and saved to 'nonmilitary/August/August_7226767562019802410.mp4'
2024-11-13 15:00:07,061 INFO:Processed 'August/August_7227149254320590085.mp4' - categorized as 'aircraft' and saved to 'aircraft/August/August_7227149254320590085.mp4'
2024-11-13 15:00:58,454 INFO:Processed 'August/August_7240788725091880193.mp4' - categorized as 'nonmilitary' and saved to 'nonmilitary/August/August_7240788725091880193.mp4'
2024-11-13 15:01:51,852 INFO:Processed 'August/August_7240992391983860994.mp4' - categorized as 'nonmilitary' and saved to 'nonmilitary/August/August_7240992391983860994.mp4'
2024-11-13 15:02:28,393 INFO:Processed 'August/August_7241170117436951810.mp4' - categorized as 'nonmilitary' and saved to 'nonmilitary/August/August_7241170117436951810.mp4'
2024-11-13 15:03:21,300 INFO:Processed 'August/August_7252810246819810566.mp4' - categorized as 'nonmilitary' and saved to 'nonmilitary/August/August_7252810246819810566.mp4'
2024-11-13 15:04:24,141 INFO:Processed 'August/August_7262307372041800967.mp4' - categorized as 'nonmilitary' and saved to 'nonmilitary/August/August_7262307372041800967.mp4'
2024-11-13 15:04:53,098 INFO:Processed 'August/August_7264740067409661191.mp4' - categorized as 'nonmilitary' and saved to 'nonmilitary/August/August_7264740067409661191.mp4'
2024-11-13 15:05:11,102 INFO:Processed 'August/August_7281689702971886853.mp4' - categorized as 'nonmilitary' and saved to 'nonmilitary/August/August_7281689702971886853.mp4'
2024-11-13 15:05:54,644 INFO:Processed 'August/August_7287623211745889569.mp4' - categorized as 'nonmilitary' and saved to 'nonmilitary/August/August_7287623211745889569.mp4'
2024-11-13 15:06:36,894 INFO:Processed 'August/August_7292610378163506433.mp4' - categorized as 'nonmilitary' and saved to 'nonmilitary/August/August_7292610378163506433.mp4'
2024-11-13 15:07:00,674 INFO:Processed 'August/August_7296877362812079392.mp4' - categorized as 'nonmilitary' and saved to 'nonmilitary/August/August_7296877362812079392.mp4'
2024-11-13 15:07:06,452 INFO:Processed 'August/August_7301856511255432491.mp4' - categorized as 'weapons' and saved to 'weapons/August/August_7301856511255432491.mp4'
2024-11-13 15:07:38,159 INFO:Processed 'August/August_7329827869780184321.mp4' - categorized as 'nonmilitary' and saved to 'nonmilitary/August/August_7329827869780184321.mp4'
2024-11-13 15:08:28,173 INFO:Processed 'August/August_7339530807968632082.mp4' - categorized as 'nonmilitary' and saved to 'nonmilitary/August/August_7339530807968632082.mp4'
2024-11-13 15:08:37,486 INFO:Processed 'August/August_7352971125443317025.mp4' - categorized as 'nonmilitary' and saved to 'nonmilitary/August/August_7352971125443317025.mp4'
2024-11-13 15:08:58,603 INFO:Processed 'August/August_7354077577369144609.mp4' - categorized as 'nonmilitary' and saved to 'nonmilitary/August/August_7354077577369144609.mp4'
2024-11-13 15:09:12,158 INFO:Processed 'August/August_7366597833916550433.mp4' - categorized as 'aircraft' and saved to 'aircraft/August/August_7366597833916550433.mp4'
2024-11-13 15:09:35,872 INFO:Processed 'August/August_7372522151234014480.mp4' - categorized as 'aircraft' and saved to 'aircraft/August/August_7372522151234014480.mp4'
2024-11-13 15:10:15,923 INFO:Processed 'August/August_7376875928254745873.mp4' - categorized as 'nonmilitary' and saved to 'nonmilitary/August/August_7376875928254745873.mp4'
2024-11-13 15:10:35,100 INFO:Processed 'August/August_7390042763498147114.mp4' - categorized as 'nonmilitary' and saved to 'nonmilitary/August/August_7390042763498147114.mp4'
2024-11-13 15:11:13,445 INFO:Processed 'August/August_7390472204821007658.mp4' - categorized as 'nonmilitary' and saved to 'nonmilitary/August/August_7390472204821007658.mp4'
2024-11-13 15:11:23,240 INFO:Processed 'August/August_7405602040790945066.mp4' - categorized as 'nonmilitary' and saved to 'nonmilitary/August/August_7405602040790945066.mp4'
2024-11-13 15:12:07,963 INFO:Processed 'August/August_7407605594024070443.mp4' - categorized as 'nonmilitary' and saved to 'nonmilitary/August/August_7407605594024070443.mp4'
2024-11-13 15:12:26,414 INFO:Processed 'August/August_7407894225724968235.mp4' - categorized as 'nonmilitary' and saved to 'nonmilitary/August/August_7407894225724968235.mp4'
2024-11-13 15:12:51,397 INFO:Processed 'August/August_7407894567099436330.mp4' - categorized as 'nonmilitary' and saved to 'nonmilitary/August/August_7407894567099436330.mp4'
2024-11-13 15:13:21,896 INFO:Processed 'July/July_6947043164096138502.mp4' - categorized as 'nonmilitary' and saved to 'nonmilitary/July/July_6947043164096138502.mp4'
2024-11-13 15:14:12,527 INFO:Processed 'July/July_6993034377542356230.mp4' - categorized as 'nonmilitary' and saved to 'nonmilitary/July/July_6993034377542356230.mp4'
2024-11-13 15:15:03,123 INFO:Processed 'July/July_6993712167014944006.mp4' - categorized as 'nonmilitary' and saved to 'nonmilitary/July/July_6993712167014944006.mp4'
2024-11-13 15:15:29,977 INFO:Processed 'July/July_7055021518123699503.mp4' - categorized as 'nonmilitary' and saved to 'nonmilitary/July/July_7055021518123699503.mp4'
2024-11-13 15:16:26,072 INFO:Processed 'July/July_7072725787182402842.mp4' - categorized as 'nonmilitary' and saved to 'nonmilitary/July/July_7072725787182402842.mp4'
2024-11-13 15:16:34,434 INFO:Processed 'July/July_7112265575681756459.mp4' - categorized as 'nonmilitary' and saved to 'nonmilitary/July/July_7112265575681756459.mp4'
2024-11-13 15:16:42,860 INFO:Processed 'July/July_7114617648830303534.mp4' - categorized as 'nonmilitary' and saved to 'nonmilitary/July/July_7114617648830303534.mp4'
2024-11-13 15:16:50,180 INFO:Processed 'July/July_7199293680178466090.mp4' - categorized as 'aircraft' and saved to 'aircraft/July/July_7199293680178466090.mp4'
2024-11-13 15:17:34,236 INFO:Processed 'July/July_7201569242838404398.mp4' - categorized as 'nonmilitary' and saved to 'nonmilitary/July/July_7201569242838404398.mp4'
2024-11-13 15:18:14,712 INFO:Processed 'July/July_7218003588579069227.mp4' - categorized as 'nonmilitary' and saved to 'nonmilitary/July/July_7218003588579069227.mp4'
2024-11-13 15:20:42,163 INFO:Processed 'July/July_7319426000239201582.mp4' - categorized as 'nonmilitary' and saved to 'nonmilitary/July/July_7319426000239201582.mp4'
2024-11-13 15:21:13,746 INFO:Processed 'July/July_7365527228182039840.mp4' - categorized as 'nonmilitary' and saved to 'nonmilitary/July/July_7365527228182039840.mp4'
2024-11-13 15:21:40,026 INFO:Processed 'July/July_7369790738323885358.mp4' - categorized as 'nonmilitary' and saved to 'nonmilitary/July/July_7369790738323885358.mp4'
2024-11-13 15:22:17,269 INFO:Processed 'July/July_7384271422199336238.mp4' - categorized as 'nonmilitary' and saved to 'nonmilitary/July/July_7384271422199336238.mp4'
2024-11-13 15:22:35,546 INFO:Processed 'June/June_6903647876979756290.mp4' - categorized as 'nonmilitary' and saved to 'nonmilitary/June/June_6903647876979756290.mp4'
2024-11-13 15:22:50,082 INFO:Processed 'June/June_7015331376211725573.mp4' - categorized as 'nonmilitary' and saved to 'nonmilitary/June/June_7015331376211725573.mp4'
2024-11-13 15:23:20,595 INFO:Processed 'June/June_7036850681474583813.mp4' - categorized as 'nonmilitary' and saved to 'nonmilitary/June/June_7036850681474583813.mp4'
2024-11-13 15:23:31,224 INFO:Processed 'June/June_7059423476834241797.mp4' - categorized as 'nonmilitary' and saved to 'nonmilitary/June/June_7059423476834241797.mp4'
2024-11-13 15:23:56,560 INFO:Processed 'June/June_7060544044799102255.mp4' - categorized as 'nonmilitary' and saved to 'nonmilitary/June/June_7060544044799102255.mp4'
2024-11-13 15:25:48,577 INFO:Processed 'June/June_7060606690563017990.mp4' - categorized as 'nonmilitary' and saved to 'nonmilitary/June/June_7060606690563017990.mp4'
2024-11-13 15:27:23,193 INFO:Processed 'June/June_7082270426667453742.mp4' - categorized as 'nonmilitary' and saved to 'nonmilitary/June/June_7082270426667453742.mp4'
2024-11-13 15:27:36,609 INFO:Processed 'June/June_7088528708083977518.mp4' - categorized as 'nonmilitary' and saved to 'nonmilitary/June/June_7088528708083977518.mp4'
2024-11-13 15:29:54,760 INFO:Processed 'June/June_7160039248089910571.mp4' - categorized as 'nonmilitary' and saved to 'nonmilitary/June/June_7160039248089910571.mp4'
2024-11-13 15:30:09,689 INFO:Processed 'June/June_7163447879976373547.mp4' - categorized as 'nonmilitary' and saved to 'nonmilitary/June/June_7163447879976373547.mp4'
2024-11-13 15:30:29,213 INFO:Processed 'June/June_7183843196533820673.mp4' - categorized as 'nonmilitary' and saved to 'nonmilitary/June/June_7183843196533820673.mp4'
2024-11-13 15:30:40,398 INFO:Processed 'June/June_7186068050880318721.mp4' - categorized as 'nonmilitary' and saved to 'nonmilitary/June/June_7186068050880318721.mp4'
2024-11-13 15:31:06,078 INFO:Processed 'June/June_7196679805939502378.mp4' - categorized as 'nonmilitary' and saved to 'nonmilitary/June/June_7196679805939502378.mp4'
2024-11-13 15:31:20,210 INFO:Processed 'June/June_7203345179921747246.mp4' - categorized as 'nonmilitary' and saved to 'nonmilitary/June/June_7203345179921747246.mp4'
2024-11-13 15:31:43,449 INFO:Processed 'June/June_7217363265742032146.mp4' - categorized as 'nonmilitary' and saved to 'nonmilitary/June/June_7217363265742032146.mp4'
2024-11-13 15:32:04,484 INFO:Processed 'June/June_7227087714124926250.mp4' - categorized as 'nonmilitary' and saved to 'nonmilitary/June/June_7227087714124926250.mp4'
2024-11-13 15:36:22,912 INFO:Processed 'June/June_7242458049842138414.mp4' - categorized as 'nonmilitary' and saved to 'nonmilitary/June/June_7242458049842138414.mp4'
2024-11-13 15:36:45,778 INFO:Processed 'June/June_7253164826376031531.mp4' - categorized as 'nonmilitary' and saved to 'nonmilitary/June/June_7253164826376031531.mp4'
2024-11-13 15:38:05,038 INFO:Processed 'June/June_7254058035042192683.mp4' - categorized as 'nonmilitary' and saved to 'nonmilitary/June/June_7254058035042192683.mp4'
2024-11-13 15:39:00,812 INFO:Processed 'June/June_7270560481075531051.mp4' - categorized as 'nonmilitary' and saved to 'nonmilitary/June/June_7270560481075531051.mp4'
2024-11-13 15:50:27,019 INFO:Processed 'June/June_7283125935761607942.mp4' - categorized as 'nonmilitary' and saved to 'nonmilitary/June/June_7283125935761607942.mp4'
2024-11-13 15:50:43,001 INFO:Processed 'June/June_7289090085553851691.mp4' - categorized as 'nonmilitary' and saved to 'nonmilitary/June/June_7289090085553851691.mp4'
2024-11-13 15:51:34,259 INFO:Processed 'June/June_7313635215065222433.mp4' - categorized as 'nonmilitary' and saved to 'nonmilitary/June/June_7313635215065222433.mp4'
2024-11-13 15:53:06,435 INFO:Processed 'June/June_7323965646549585184.mp4' - categorized as 'nonmilitary' and saved to 'nonmilitary/June/June_7323965646549585184.mp4'
2024-11-13 15:53:19,947 INFO:Processed 'June/June_7327658208258952454.mp4' - categorized as 'nonmilitary' and saved to 'nonmilitary/June/June_7327658208258952454.mp4'
2024-11-13 15:53:33,480 INFO:Processed 'June/June_7327735909078682886.mp4' - categorized as 'nonmilitary' and saved to 'nonmilitary/June/June_7327735909078682886.mp4'
2024-11-13 15:54:38,847 INFO:Processed 'June/June_7334878111500176682.mp4' - categorized as 'nonmilitary' and saved to 'nonmilitary/June/June_7334878111500176682.mp4'
2024-11-13 15:54:47,519 INFO:Processed 'June/June_7346006018180058410.mp4' - categorized as 'nonmilitary' and saved to 'nonmilitary/June/June_7346006018180058410.mp4'
2024-11-13 15:55:02,024 INFO:Processed 'June/June_7348470367687675169.mp4' - categorized as 'nonmilitary' and saved to 'nonmilitary/June/June_7348470367687675169.mp4'
2024-11-13 15:56:21,374 INFO:Processed 'June/June_7351088982287060267.mp4' - categorized as 'nonmilitary' and saved to 'nonmilitary/June/June_7351088982287060267.mp4'
2024-11-13 15:56:41,923 INFO:Processed 'June/June_7352604646164139296.mp4' - categorized as 'nonmilitary' and saved to 'nonmilitary/June/June_7352604646164139296.mp4'
2024-11-13 15:56:58,786 INFO:Processed 'June/June_7352866476304370976.mp4' - categorized as 'nonmilitary' and saved to 'nonmilitary/June/June_7352866476304370976.mp4'
2024-11-13 15:57:26,365 INFO:Processed 'June/June_7353344354439712033.mp4' - categorized as 'nonmilitary' and saved to 'nonmilitary/June/June_7353344354439712033.mp4'
2024-11-13 15:57:43,686 INFO:Processed 'June/June_7354090035022515489.mp4' - categorized as 'nonmilitary' and saved to 'nonmilitary/June/June_7354090035022515489.mp4'
2024-11-13 15:58:18,364 INFO:Processed 'June/June_7354449717113261345.mp4' - categorized as 'nonmilitary' and saved to 'nonmilitary/June/June_7354449717113261345.mp4'
2024-11-13 15:58:56,740 INFO:Processed 'June/June_7354738707393416449.mp4' - categorized as 'nonmilitary' and saved to 'nonmilitary/June/June_7354738707393416449.mp4'
2024-11-13 15:59:13,792 INFO:Processed 'June/June_7354786178039680288.mp4' - categorized as 'nonmilitary' and saved to 'nonmilitary/June/June_7354786178039680288.mp4'
2024-11-13 15:59:48,454 INFO:Processed 'June/June_7355164909337906437.mp4' - categorized as 'nonmilitary' and saved to 'nonmilitary/June/June_7355164909337906437.mp4'
2024-11-13 16:00:10,356 INFO:Processed 'June/June_7355548808606010656.mp4' - categorized as 'nonmilitary' and saved to 'nonmilitary/June/June_7355548808606010656.mp4'
2024-11-13 16:08:14,734 INFO:Processed 'June/June_7355699808062983467.mp4' - categorized as 'nonmilitary' and saved to 'nonmilitary/June/June_7355699808062983467.mp4'
2024-11-13 16:08:40,291 INFO:Processed 'June/June_7359539568586149137.mp4' - categorized as 'nonmilitary' and saved to 'nonmilitary/June/June_7359539568586149137.mp4'
2024-11-13 16:09:17,290 INFO:Processed 'June/June_7361879274812411182.mp4' - categorized as 'nonmilitary' and saved to 'nonmilitary/June/June_7361879274812411182.mp4'
2024-11-13 16:09:40,958 INFO:Processed 'June/June_7374318965977255185.mp4' - categorized as 'nonmilitary' and saved to 'nonmilitary/June/June_7374318965977255185.mp4'
2024-11-13 16:09:52,912 INFO:Processed 'June/June_7374527737500814634.mp4' - categorized as 'nonmilitary' and saved to 'nonmilitary/June/June_7374527737500814634.mp4'
2024-11-13 16:10:06,277 INFO:Processed 'June/June_7374866128151137568.mp4' - categorized as 'nonmilitary' and saved to 'nonmilitary/June/June_7374866128151137568.mp4'
2024-11-13 16:10:17,387 INFO:Processed 'June/June_7376421173057441030.mp4' - categorized as 'nonmilitary' and saved to 'nonmilitary/June/June_7376421173057441030.mp4'
2024-11-13 16:10:59,038 INFO:Processed 'June/June_7378568322809384222.mp4' - categorized as 'nonmilitary' and saved to 'nonmilitary/June/June_7378568322809384222.mp4'
2024-11-13 16:11:38,868 INFO:Processed 'June/June_7378932461994085662.mp4' - categorized as 'nonmilitary' and saved to 'nonmilitary/June/June_7378932461994085662.mp4'
2024-11-13 16:12:33,333 INFO:Processed 'June/June_7378976715181182241.mp4' - categorized as 'nonmilitary' and saved to 'nonmilitary/June/June_7378976715181182241.mp4'
2024-11-13 16:12:44,295 INFO:Processed 'March/March_6780274527109729542.mp4' - categorized as 'nonmilitary' and saved to 'nonmilitary/March/March_6780274527109729542.mp4'
2024-11-13 16:12:49,741 INFO:Processed 'March/March_6825427289543658758.mp4' - categorized as 'nonmilitary' and saved to 'nonmilitary/March/March_6825427289543658758.mp4'
2024-11-13 16:13:00,228 INFO:Processed 'March/March_6848336726172257541.mp4' - categorized as 'nonmilitary' and saved to 'nonmilitary/March/March_6848336726172257541.mp4'
2024-11-13 16:13:11,790 INFO:Processed 'March/March_6884861467783400709.mp4' - categorized as 'nonmilitary' and saved to 'nonmilitary/March/March_6884861467783400709.mp4'
2024-11-13 16:13:20,454 INFO:Processed 'March/March_7007397335697231109.mp4' - categorized as 'nonmilitary' and saved to 'nonmilitary/March/March_7007397335697231109.mp4'
2024-11-13 16:13:28,112 INFO:Processed 'March/March_7024076496398454021.mp4' - categorized as 'aircraft' and saved to 'aircraft/March/March_7024076496398454021.mp4'
2024-11-13 16:15:37,236 INFO:Processed 'March/March_7057659050783313199.mp4' - categorized as 'nonmilitary' and saved to 'nonmilitary/March/March_7057659050783313199.mp4'
2024-11-13 16:16:24,037 INFO:Processed 'March/March_7061197934339099909.mp4' - categorized as 'nonmilitary' and saved to 'nonmilitary/March/March_7061197934339099909.mp4'
2024-11-13 16:16:42,546 INFO:Processed 'March/March_7064698988024302853.mp4' - categorized as 'nonmilitary' and saved to 'nonmilitary/March/March_7064698988024302853.mp4'
2024-11-13 16:17:29,021 INFO:Processed 'March/March_7074025450196077870.mp4' - categorized as 'nonmilitary' and saved to 'nonmilitary/March/March_7074025450196077870.mp4'
2024-11-13 16:17:42,393 INFO:Processed 'March/March_7082391700278152494.mp4' - categorized as 'aircraft' and saved to 'aircraft/March/March_7082391700278152494.mp4'
2024-11-13 16:17:52,580 INFO:Processed 'March/March_7094376871864962309.mp4' - categorized as 'nonmilitary' and saved to 'nonmilitary/March/March_7094376871864962309.mp4'
2024-11-13 16:18:01,385 INFO:Processed 'March/March_7098474387061411114.mp4' - categorized as 'nonmilitary' and saved to 'nonmilitary/March/March_7098474387061411114.mp4'
2024-11-13 16:20:33,675 INFO:Processed 'March/March_7113190642930486554.mp4' - categorized as 'aircraft' and saved to 'aircraft/March/March_7113190642930486554.mp4'
2024-11-13 16:20:58,188 INFO:Processed 'March/March_7127034470556962094.mp4' - categorized as 'nonmilitary' and saved to 'nonmilitary/March/March_7127034470556962094.mp4'
2024-11-13 16:21:14,000 INFO:Processed 'March/March_7132208870591614251.mp4' - categorized as 'nonmilitary' and saved to 'nonmilitary/March/March_7132208870591614251.mp4'
2024-11-13 16:21:56,111 INFO:Processed 'March/March_7140723408375090478.mp4' - categorized as 'nonmilitary' and saved to 'nonmilitary/March/March_7140723408375090478.mp4'
2024-11-13 16:22:14,205 INFO:Processed 'March/March_7166367555647573290.mp4' - categorized as 'aircraft' and saved to 'aircraft/March/March_7166367555647573290.mp4'
2024-11-13 16:22:23,117 INFO:Processed 'March/March_7192977740662869253.mp4' - categorized as 'aircraft' and saved to 'aircraft/March/March_7192977740662869253.mp4'
2024-11-13 16:22:35,948 INFO:Processed 'March/March_7192980532345523461.mp4' - categorized as 'nonmilitary' and saved to 'nonmilitary/March/March_7192980532345523461.mp4'
2024-11-13 16:23:16,360 INFO:Processed 'March/March_7193300768923962629.mp4' - categorized as 'nonmilitary' and saved to 'nonmilitary/March/March_7193300768923962629.mp4'
2024-11-13 16:23:23,053 INFO:Processed 'March/March_7195165922473069867.mp4' - categorized as 'nonmilitary' and saved to 'nonmilitary/March/March_7195165922473069867.mp4'
2024-11-13 16:24:07,094 INFO:Processed 'March/March_7198565862545149190.mp4' - categorized as 'nonmilitary' and saved to 'nonmilitary/March/March_7198565862545149190.mp4'
2024-11-13 16:24:33,973 INFO:Processed 'March/March_7201368883041766661.mp4' - categorized as 'nonmilitary' and saved to 'nonmilitary/March/March_7201368883041766661.mp4'
2024-11-13 16:26:01,468 INFO:Processed 'March/March_7211226760539573547.mp4' - categorized as 'nonmilitary' and saved to 'nonmilitary/March/March_7211226760539573547.mp4'
2024-11-13 16:26:19,030 INFO:Processed 'March/March_7212528213929577771.mp4' - categorized as 'nonmilitary' and saved to 'nonmilitary/March/March_7212528213929577771.mp4'
2024-11-13 16:26:24,539 INFO:Processed 'March/March_7215271010952662315.mp4' - categorized as 'aircraft' and saved to 'aircraft/March/March_7215271010952662315.mp4'
2024-11-13 16:27:11,470 INFO:Processed 'March/March_7217017328372894981.mp4' - categorized as 'nonmilitary' and saved to 'nonmilitary/March/March_7217017328372894981.mp4'
2024-11-13 16:27:25,983 INFO:Processed 'March/March_7239783952234384683.mp4' - categorized as 'aircraft' and saved to 'aircraft/March/March_7239783952234384683.mp4'
2024-11-13 16:27:36,926 INFO:Processed 'March/March_7247530196600048942.mp4' - categorized as 'aircraft' and saved to 'aircraft/March/March_7247530196600048942.mp4'
2024-11-13 16:27:46,461 INFO:Processed 'March/March_7252368376972971307.mp4' - categorized as 'nonmilitary' and saved to 'nonmilitary/March/March_7252368376972971307.mp4'
2024-11-13 16:28:28,756 INFO:Processed 'March/March_7253839727541964074.mp4' - categorized as 'nonmilitary' and saved to 'nonmilitary/March/March_7253839727541964074.mp4'
2024-11-13 16:28:47,923 INFO:Processed 'March/March_7261959571583896839.mp4' - categorized as 'nonmilitary' and saved to 'nonmilitary/March/March_7261959571583896839.mp4'
2024-11-13 16:28:57,625 INFO:Processed 'March/March_7262428545090112811.mp4' - categorized as 'nonmilitary' and saved to 'nonmilitary/March/March_7262428545090112811.mp4'
2024-11-13 16:30:15,483 INFO:Processed 'March/March_7263601522821451050.mp4' - categorized as 'nonmilitary' and saved to 'nonmilitary/March/March_7263601522821451050.mp4'
2024-11-13 16:30:59,323 INFO:Processed 'March/March_7263708105119190314.mp4' - categorized as 'nonmilitary' and saved to 'nonmilitary/March/March_7263708105119190314.mp4'
2024-11-13 16:32:30,923 INFO:Processed 'March/March_7266221421586697514.mp4' - categorized as 'nonmilitary' and saved to 'nonmilitary/March/March_7266221421586697514.mp4'
2024-11-13 16:33:54,105 INFO:Processed 'March/March_7266541824918015264.mp4' - categorized as 'nonmilitary' and saved to 'nonmilitary/March/March_7266541824918015264.mp4'
2024-11-13 16:34:49,168 INFO:Processed 'March/March_7266881833705557291.mp4' - categorized as 'nonmilitary' and saved to 'nonmilitary/March/March_7266881833705557291.mp4'
2024-11-13 16:35:29,255 INFO:Processed 'March/March_7274391877573463329.mp4' - categorized as 'nonmilitary' and saved to 'nonmilitary/March/March_7274391877573463329.mp4'
2024-11-13 16:41:34,885 INFO:Processed 'March/March_7275473419813129514.mp4' - categorized as 'nonmilitary' and saved to 'nonmilitary/March/March_7275473419813129514.mp4'
2024-11-13 16:41:53,839 INFO:Processed 'March/March_7276181643751116074.mp4' - categorized as 'nonmilitary' and saved to 'nonmilitary/March/March_7276181643751116074.mp4'
2024-11-13 16:42:09,111 INFO:Processed 'March/March_7276597212799470894.mp4' - categorized as 'aircraft' and saved to 'aircraft/March/March_7276597212799470894.mp4'
2024-11-13 16:42:19,613 INFO:Processed 'March/March_7283983001883594026.mp4' - categorized as 'aircraft' and saved to 'aircraft/March/March_7283983001883594026.mp4'
2024-11-13 16:46:28,384 INFO:Processed 'March/March_7285549287008750890.mp4' - categorized as 'nonmilitary' and saved to 'nonmilitary/March/March_7285549287008750890.mp4'
2024-11-13 16:46:41,867 INFO:Processed 'March/March_7286032229439065390.mp4' - categorized as 'nonmilitary' and saved to 'nonmilitary/March/March_7286032229439065390.mp4'
2024-11-13 16:48:13,521 INFO:Processed 'March/March_7288603067459652910.mp4' - categorized as 'nonmilitary' and saved to 'nonmilitary/March/March_7288603067459652910.mp4'
2024-11-13 16:48:24,704 INFO:Processed 'March/March_7293883156086721835.mp4' - categorized as 'aircraft' and saved to 'aircraft/March/March_7293883156086721835.mp4'
2024-11-13 16:51:06,645 INFO:Processed 'March/March_7296242592608455941.mp4' - categorized as 'nonmilitary' and saved to 'nonmilitary/March/March_7296242592608455941.mp4'
2024-11-13 16:52:34,950 INFO:Processed 'March/March_7296304695495118085.mp4' - categorized as 'nonmilitary' and saved to 'nonmilitary/March/March_7296304695495118085.mp4'
2024-11-13 16:52:48,571 INFO:Processed 'March/March_7299530710103117098.mp4' - categorized as 'nonmilitary' and saved to 'nonmilitary/March/March_7299530710103117098.mp4'
2024-11-13 16:53:00,445 INFO:Processed 'March/March_7300974640539733294.mp4' - categorized as 'nonmilitary' and saved to 'nonmilitary/March/March_7300974640539733294.mp4'
2024-11-13 16:53:45,387 INFO:Processed 'March/March_7302208133198253317.mp4' - categorized as 'nonmilitary' and saved to 'nonmilitary/March/March_7302208133198253317.mp4'
2024-11-13 16:54:10,310 INFO:Processed 'March/March_7305942699587259653.mp4' - categorized as 'nonmilitary' and saved to 'nonmilitary/March/March_7305942699587259653.mp4'
2024-11-13 16:54:56,997 INFO:Processed 'March/March_7313225381127916843.mp4' - categorized as 'nonmilitary' and saved to 'nonmilitary/March/March_7313225381127916843.mp4'
2024-11-13 16:55:12,608 INFO:Processed 'March/March_7323768730914213153.mp4' - categorized as 'nonmilitary' and saved to 'nonmilitary/March/March_7323768730914213153.mp4'
2024-11-13 16:56:21,200 INFO:Processed 'March/March_7325828116176260394.mp4' - categorized as 'nonmilitary' and saved to 'nonmilitary/March/March_7325828116176260394.mp4'
2024-11-13 16:56:33,690 INFO:Processed 'March/March_7327508654276545838.mp4' - categorized as 'nonmilitary' and saved to 'nonmilitary/March/March_7327508654276545838.mp4'
2024-11-13 16:57:25,080 INFO:Processed 'March/March_7329937676046503210.mp4' - categorized as 'nonmilitary' and saved to 'nonmilitary/March/March_7329937676046503210.mp4'
2024-11-13 16:59:04,805 INFO:Processed 'March/March_7335988802235763974.mp4' - categorized as 'nonmilitary' and saved to 'nonmilitary/March/March_7335988802235763974.mp4'
2024-11-13 16:59:17,764 INFO:Processed 'March/March_7338388852014402817.mp4' - categorized as 'aircraft' and saved to 'aircraft/March/March_7338388852014402817.mp4'
2024-11-13 16:59:44,652 INFO:Processed 'March/March_7340795558258363656.mp4' - categorized as 'nonmilitary' and saved to 'nonmilitary/March/March_7340795558258363656.mp4'
2024-11-13 17:00:56,070 INFO:Processed 'March/March_7342143325283028257.mp4' - categorized as 'nonmilitary' and saved to 'nonmilitary/March/March_7342143325283028257.mp4'
2024-11-13 17:01:06,833 INFO:Processed 'March/March_7343228800819285249.mp4' - categorized as 'aircraft' and saved to 'aircraft/March/March_7343228800819285249.mp4'
2024-11-13 17:01:29,256 INFO:Processed 'March/March_7345807732563348737.mp4' - categorized as 'aircraft' and saved to 'aircraft/March/March_7345807732563348737.mp4'
2024-11-13 17:01:53,436 INFO:Processed 'May/May_6894054313610562822.mp4' - categorized as 'nonmilitary' and saved to 'nonmilitary/May/May_6894054313610562822.mp4'
2024-11-13 17:02:23,307 INFO:Processed 'May/May_6952945739991436549.mp4' - categorized as 'nonmilitary' and saved to 'nonmilitary/May/May_6952945739991436549.mp4'
2024-11-13 17:02:56,067 INFO:Processed 'May/May_6987586576779873541.mp4' - categorized as 'nonmilitary' and saved to 'nonmilitary/May/May_6987586576779873541.mp4'
2024-11-13 17:03:51,863 INFO:Processed 'May/May_7057532425236172038.mp4' - categorized as 'nonmilitary' and saved to 'nonmilitary/May/May_7057532425236172038.mp4'
2024-11-13 17:04:38,926 INFO:Processed 'May/May_7106615179869228294.mp4' - categorized as 'nonmilitary' and saved to 'nonmilitary/May/May_7106615179869228294.mp4'
2024-11-13 17:05:01,777 INFO:Processed 'May/May_7120041856544607515.mp4' - categorized as 'nonmilitary' and saved to 'nonmilitary/May/May_7120041856544607515.mp4'
2024-11-13 17:05:09,915 INFO:Processed 'May/May_7130629864507329835.mp4' - categorized as 'nonmilitary' and saved to 'nonmilitary/May/May_7130629864507329835.mp4'
2024-11-13 17:05:24,279 INFO:Processed 'May/May_7133583879008505131.mp4' - categorized as 'nonmilitary' and saved to 'nonmilitary/May/May_7133583879008505131.mp4'
2024-11-13 17:05:52,508 INFO:Processed 'May/May_7139573083475676422.mp4' - categorized as 'nonmilitary' and saved to 'nonmilitary/May/May_7139573083475676422.mp4'
2024-11-13 17:07:38,410 INFO:Processed 'May/May_7146701731185970478.mp4' - categorized as 'nonmilitary' and saved to 'nonmilitary/May/May_7146701731185970478.mp4'
2024-11-13 17:08:56,398 INFO:Processed 'May/May_7146741114068798766.mp4' - categorized as 'nonmilitary' and saved to 'nonmilitary/May/May_7146741114068798766.mp4'
2024-11-13 17:09:21,305 INFO:Processed 'May/May_7154027350533983493.mp4' - categorized as 'nonmilitary' and saved to 'nonmilitary/May/May_7154027350533983493.mp4'
2024-11-13 17:11:02,741 INFO:Processed 'May/May_7154040972203134214.mp4' - categorized as 'nonmilitary' and saved to 'nonmilitary/May/May_7154040972203134214.mp4'
2024-11-13 17:11:12,428 INFO:Processed 'May/May_7154331349434846470.mp4' - categorized as 'nonmilitary' and saved to 'nonmilitary/May/May_7154331349434846470.mp4'
2024-11-13 17:12:45,590 INFO:Processed 'May/May_7156323415056502022.mp4' - categorized as 'nonmilitary' and saved to 'nonmilitary/May/May_7156323415056502022.mp4'
2024-11-13 17:13:31,524 INFO:Processed 'May/May_7181666843067813162.mp4' - categorized as 'nonmilitary' and saved to 'nonmilitary/May/May_7181666843067813162.mp4'
2024-11-13 17:13:51,198 INFO:Processed 'May/May_7182373745032498434.mp4' - categorized as 'nonmilitary' and saved to 'nonmilitary/May/May_7182373745032498434.mp4'
2024-11-13 17:14:12,671 INFO:Processed 'May/May_7184909449679604994.mp4' - categorized as 'nonmilitary' and saved to 'nonmilitary/May/May_7184909449679604994.mp4'
2024-11-13 17:15:25,558 INFO:Processed 'May/May_7186582719059479809.mp4' - categorized as 'nonmilitary' and saved to 'nonmilitary/May/May_7186582719059479809.mp4'
2024-11-13 17:17:07,376 INFO:Processed 'May/May_7186884297876573486.mp4' - categorized as 'nonmilitary' and saved to 'nonmilitary/May/May_7186884297876573486.mp4'
2024-11-13 17:17:27,665 INFO:Processed 'May/May_7204124850053516590.mp4' - categorized as 'aircraft' and saved to 'aircraft/May/May_7204124850053516590.mp4'
2024-11-13 17:18:01,169 INFO:Processed 'May/May_7208189830226922758.mp4' - categorized as 'nonmilitary' and saved to 'nonmilitary/May/May_7208189830226922758.mp4'
2024-11-13 17:18:14,804 INFO:Processed 'May/May_7208641585284762885.mp4' - categorized as 'nonmilitary' and saved to 'nonmilitary/May/May_7208641585284762885.mp4'
2024-11-13 17:18:22,056 INFO:Processed 'May/May_7230186792731856154.mp4' - categorized as 'aircraft' and saved to 'aircraft/May/May_7230186792731856154.mp4'
2024-11-13 17:18:32,194 INFO:Processed 'May/May_7236018422432288006.mp4' - categorized as 'nonmilitary' and saved to 'nonmilitary/May/May_7236018422432288006.mp4'
2024-11-13 17:19:14,310 INFO:Processed 'May/May_7239403426818329882.mp4' - categorized as 'nonmilitary' and saved to 'nonmilitary/May/May_7239403426818329882.mp4'
2024-11-13 17:19:31,640 INFO:Processed 'May/May_7272079192362110250.mp4' - categorized as 'nonmilitary' and saved to 'nonmilitary/May/May_7272079192362110250.mp4'
2024-11-13 17:20:02,465 INFO:Processed 'May/May_7276620522635496750.mp4' - categorized as 'nonmilitary' and saved to 'nonmilitary/May/May_7276620522635496750.mp4'
2024-11-13 17:20:15,268 INFO:Processed 'May/May_7276714139446168839.mp4' - categorized as 'nonmilitary' and saved to 'nonmilitary/May/May_7276714139446168839.mp4'
2024-11-13 17:20:29,259 INFO:Processed 'May/May_7277405619353603336.mp4' - categorized as 'nonmilitary' and saved to 'nonmilitary/May/May_7277405619353603336.mp4'
2024-11-13 17:20:49,117 INFO:Processed 'May/May_7292203546156502290.mp4' - categorized as 'weapons' and saved to 'weapons/May/May_7292203546156502290.mp4'
2024-11-13 17:20:58,368 INFO:Processed 'May/May_7312627241941323041.mp4' - categorized as 'nonmilitary' and saved to 'nonmilitary/May/May_7312627241941323041.mp4'
2024-11-13 17:21:40,712 INFO:Processed 'May/May_7314439514343329070.mp4' - categorized as 'nonmilitary' and saved to 'nonmilitary/May/May_7314439514343329070.mp4'
2024-11-13 17:23:12,137 INFO:Processed 'May/May_7314962769265069320.mp4' - categorized as 'nonmilitary' and saved to 'nonmilitary/May/May_7314962769265069320.mp4'
2024-11-13 17:23:55,685 INFO:Processed 'May/May_7315701246248176903.mp4' - categorized as 'nonmilitary' and saved to 'nonmilitary/May/May_7315701246248176903.mp4'
2024-11-13 17:24:25,068 INFO:Processed 'May/May_7327998676469615915.mp4' - categorized as 'nonmilitary' and saved to 'nonmilitary/May/May_7327998676469615915.mp4'
2024-11-13 17:24:36,709 INFO:Processed 'May/May_7330154931069914373.mp4' - categorized as 'nonmilitary' and saved to 'nonmilitary/May/May_7330154931069914373.mp4'
2024-11-13 17:24:51,993 INFO:Processed 'May/May_7342159961495063851.mp4' - categorized as 'nonmilitary' and saved to 'nonmilitary/May/May_7342159961495063851.mp4'
2024-11-13 17:25:03,407 INFO:Processed 'May/May_7345656419900738858.mp4' - categorized as 'nonmilitary' and saved to 'nonmilitary/May/May_7345656419900738858.mp4'
2024-11-13 17:25:51,396 INFO:Processed 'May/May_7351943207225150762.mp4' - categorized as 'nonmilitary' and saved to 'nonmilitary/May/May_7351943207225150762.mp4'
2024-11-13 17:26:06,523 INFO:Processed 'May/May_7356564452134735120.mp4' - categorized as 'nonmilitary' and saved to 'nonmilitary/May/May_7356564452134735120.mp4'
2024-11-13 17:27:10,329 INFO:Processed 'May/May_7358067069964832017.mp4' - categorized as 'nonmilitary' and saved to 'nonmilitary/May/May_7358067069964832017.mp4'
2024-11-13 17:27:32,508 INFO:Processed 'May/May_7363150081060539653.mp4' - categorized as 'aircraft' and saved to 'aircraft/May/May_7363150081060539653.mp4'
2024-11-13 17:29:31,609 INFO:Processed 'May/May_7365622824163151146.mp4' - categorized as 'nonmilitary' and saved to 'nonmilitary/May/May_7365622824163151146.mp4'
2024-11-13 17:31:22,835 INFO:Processed 'May/May_7366188800562810145.mp4' - categorized as 'nonmilitary' and saved to 'nonmilitary/May/May_7366188800562810145.mp4'
2024-11-13 17:32:20,494 INFO:Processed 'May/May_7366458415519976747.mp4' - categorized as 'nonmilitary' and saved to 'nonmilitary/May/May_7366458415519976747.mp4'
2024-11-13 17:32:28,341 INFO:Processed 'May/May_7367605055500864773.mp4' - categorized as 'nonmilitary' and saved to 'nonmilitary/May/May_7367605055500864773.mp4'
2024-11-13 17:33:03,570 INFO:Processed 'May/May_7368569585609592096.mp4' - categorized as 'nonmilitary' and saved to 'nonmilitary/May/May_7368569585609592096.mp4'
2024-11-13 17:33:19,815 INFO:Processed 'May/May_7368973020767079723.mp4' - categorized as 'nonmilitary' and saved to 'nonmilitary/May/May_7368973020767079723.mp4'
2024-11-13 17:34:53,692 INFO:Processed 'May/May_7369739004658568494.mp4' - categorized as 'aircraft' and saved to 'aircraft/May/May_7369739004658568494.mp4'
2024-11-13 17:35:37,845 INFO:Processed 'May/May_7371924922735643936.mp4' - categorized as 'nonmilitary' and saved to 'nonmilitary/May/May_7371924922735643936.mp4'
2024-11-13 17:35:58,955 INFO:Processed 'May/May_7372888045894290721.mp4' - categorized as 'nonmilitary' and saved to 'nonmilitary/May/May_7372888045894290721.mp4'
2024-11-13 17:35:58,957 INFO:Processing completed.
2024-11-14 00:06:04,625 INFO:Processing bucket: dfp-viral-moment-videos
2024-11-14 00:06:04,665 INFO:Video 'April/April_6939122462894476550.mp4' has already been processed. Skipping.
2024-11-14 00:06:04,666 INFO:Video 'April/April_7008936343145319686.mp4' has already been processed. Skipping.
2024-11-14 00:06:04,667 INFO:Video 'April/April_7172364104852835630.mp4' has already been processed. Skipping.
2024-11-14 00:06:04,668 INFO:Video 'April/April_7216039989652622598.mp4' has already been processed. Skipping.
2024-11-14 00:06:04,669 INFO:Video 'April/April_7234736405304626478.mp4' has already been processed. Skipping.
2024-11-14 00:06:04,670 INFO:Video 'April/April_7258878720293965102.mp4' has already been processed. Skipping.
2024-11-14 00:06:04,671 INFO:Video 'April/April_7275385411290025262.mp4' has already been processed. Skipping.
2024-11-14 00:06:04,673 INFO:Video 'April/April_7314891085086739758.mp4' has already been processed. Skipping.
2024-11-14 00:06:04,674 INFO:Video 'April/April_7339836774497209605.mp4' has already been processed. Skipping.
2024-11-14 00:06:04,676 INFO:Video 'August/August_6999870875101105414.mp4' has already been processed. Skipping.
2024-11-14 00:06:04,677 INFO:Video 'August/August_7118874762901769514.mp4' has already been processed. Skipping.
2024-11-14 00:06:04,679 INFO:Video 'August/August_7132871430181588270.mp4' has already been processed. Skipping.
2024-11-14 00:06:04,680 INFO:Video 'August/August_7133684849776282922.mp4' has already been processed. Skipping.
2024-11-14 00:06:04,682 INFO:Video 'August/August_7159949991836912938.mp4' has already been processed. Skipping.
2024-11-14 00:06:04,683 INFO:Video 'August/August_7160514675199806726.mp4' has already been processed. Skipping.
2024-11-14 00:06:04,684 INFO:Video 'August/August_7160708971945315626.mp4' has already been processed. Skipping.
2024-11-14 00:06:04,686 INFO:Video 'August/August_7173151991647014186.mp4' has already been processed. Skipping.
2024-11-14 00:06:04,687 INFO:Video 'August/August_7175193151454399786.mp4' has already been processed. Skipping.
2024-11-14 00:06:04,689 INFO:Video 'August/August_7175969128455343366.mp4' has already been processed. Skipping.
2024-11-14 00:06:04,690 INFO:Video 'August/August_7205518916502818074.mp4' has already been processed. Skipping.
2024-11-14 00:06:04,692 INFO:Video 'August/August_7208351935785733381.mp4' has already been processed. Skipping.
2024-11-14 00:06:04,693 INFO:Video 'August/August_7208663856644869422.mp4' has already been processed. Skipping.
2024-11-14 00:06:04,695 INFO:Video 'August/August_7225589520723348742.mp4' has already been processed. Skipping.
2024-11-14 00:06:04,696 INFO:Video 'August/August_7226767562019802410.mp4' has already been processed. Skipping.
2024-11-14 00:06:04,698 INFO:Video 'August/August_7227149254320590085.mp4' has already been processed. Skipping.
2024-11-14 00:06:04,699 INFO:Video 'August/August_7240788725091880193.mp4' has already been processed. Skipping.
2024-11-14 00:06:04,701 INFO:Video 'August/August_7240992391983860994.mp4' has already been processed. Skipping.
2024-11-14 00:06:04,702 INFO:Video 'August/August_7241170117436951810.mp4' has already been processed. Skipping.
2024-11-14 00:06:04,704 INFO:Video 'August/August_7252810246819810566.mp4' has already been processed. Skipping.
2024-11-14 00:06:04,705 INFO:Video 'August/August_7262307372041800967.mp4' has already been processed. Skipping.
2024-11-14 00:06:04,707 INFO:Video 'August/August_7264740067409661191.mp4' has already been processed. Skipping.
2024-11-14 00:06:04,708 INFO:Video 'August/August_7281689702971886853.mp4' has already been processed. Skipping.
2024-11-14 00:06:04,710 INFO:Video 'August/August_7287623211745889569.mp4' has already been processed. Skipping.
2024-11-14 00:06:04,711 INFO:Video 'August/August_7292610378163506433.mp4' has already been processed. Skipping.
2024-11-14 00:06:04,713 INFO:Video 'August/August_7296877362812079392.mp4' has already been processed. Skipping.
2024-11-14 00:06:04,714 INFO:Video 'August/August_7301856511255432491.mp4' has already been processed. Skipping.
2024-11-14 00:06:04,716 INFO:Video 'August/August_7329827869780184321.mp4' has already been processed. Skipping.
2024-11-14 00:06:04,717 INFO:Video 'August/August_7339530807968632082.mp4' has already been processed. Skipping.
2024-11-14 00:06:04,719 INFO:Video 'August/August_7352971125443317025.mp4' has already been processed. Skipping.
2024-11-14 00:06:04,720 INFO:Video 'August/August_7354077577369144609.mp4' has already been processed. Skipping.
2024-11-14 00:06:04,722 INFO:Video 'August/August_7366597833916550433.mp4' has already been processed. Skipping.
2024-11-14 00:06:04,723 INFO:Video 'August/August_7372522151234014480.mp4' has already been processed. Skipping.
2024-11-14 00:06:04,725 INFO:Video 'August/August_7376875928254745873.mp4' has already been processed. Skipping.
2024-11-14 00:06:04,726 INFO:Video 'August/August_7390042763498147114.mp4' has already been processed. Skipping.
2024-11-14 00:06:04,728 INFO:Video 'August/August_7390472204821007658.mp4' has already been processed. Skipping.
2024-11-14 00:06:04,729 INFO:Video 'August/August_7405602040790945066.mp4' has already been processed. Skipping.
2024-11-14 00:06:04,731 INFO:Video 'August/August_7407605594024070443.mp4' has already been processed. Skipping.
2024-11-14 00:06:04,732 INFO:Video 'August/August_7407894225724968235.mp4' has already been processed. Skipping.
2024-11-14 00:06:04,734 INFO:Video 'August/August_7407894567099436330.mp4' has already been processed. Skipping.
2024-11-14 00:06:04,735 INFO:Video 'July/July_6947043164096138502.mp4' has already been processed. Skipping.
2024-11-14 00:06:04,736 INFO:Video 'July/July_6993034377542356230.mp4' has already been processed. Skipping.
2024-11-14 00:06:04,738 INFO:Video 'July/July_6993712167014944006.mp4' has already been processed. Skipping.
2024-11-14 00:06:04,739 INFO:Video 'July/July_7055021518123699503.mp4' has already been processed. Skipping.
2024-11-14 00:06:04,741 INFO:Video 'July/July_7072725787182402842.mp4' has already been processed. Skipping.
2024-11-14 00:06:04,742 INFO:Video 'July/July_7112265575681756459.mp4' has already been processed. Skipping.
2024-11-14 00:06:04,744 INFO:Video 'July/July_7114617648830303534.mp4' has already been processed. Skipping.
2024-11-14 00:06:04,746 INFO:Video 'July/July_7199293680178466090.mp4' has already been processed. Skipping.
2024-11-14 00:06:04,747 INFO:Video 'July/July_7201569242838404398.mp4' has already been processed. Skipping.
2024-11-14 00:06:04,748 INFO:Video 'July/July_7218003588579069227.mp4' has already been processed. Skipping.
2024-11-14 00:06:04,750 INFO:Video 'July/July_7319426000239201582.mp4' has already been processed. Skipping.
2024-11-14 00:06:04,751 INFO:Video 'July/July_7365527228182039840.mp4' has already been processed. Skipping.
2024-11-14 00:06:04,753 INFO:Video 'July/July_7369790738323885358.mp4' has already been processed. Skipping.
2024-11-14 00:06:04,754 INFO:Video 'July/July_7384271422199336238.mp4' has already been processed. Skipping.
2024-11-14 00:06:04,756 INFO:Video 'June/June_6903647876979756290.mp4' has already been processed. Skipping.
2024-11-14 00:06:04,757 INFO:Video 'June/June_7015331376211725573.mp4' has already been processed. Skipping.
2024-11-14 00:06:04,759 INFO:Video 'June/June_7036850681474583813.mp4' has already been processed. Skipping.
2024-11-14 00:06:04,760 INFO:Video 'June/June_7059423476834241797.mp4' has already been processed. Skipping.
2024-11-14 00:06:04,762 INFO:Video 'June/June_7060544044799102255.mp4' has already been processed. Skipping.
2024-11-14 00:06:04,763 INFO:Video 'June/June_7060606690563017990.mp4' has already been processed. Skipping.
2024-11-14 00:06:04,765 INFO:Video 'June/June_7082270426667453742.mp4' has already been processed. Skipping.
2024-11-14 00:06:04,766 INFO:Video 'June/June_7088528708083977518.mp4' has already been processed. Skipping.
2024-11-14 00:06:04,768 INFO:Video 'June/June_7160039248089910571.mp4' has already been processed. Skipping.
2024-11-14 00:06:04,769 INFO:Video 'June/June_7163447879976373547.mp4' has already been processed. Skipping.
2024-11-14 00:06:04,771 INFO:Video 'June/June_7183843196533820673.mp4' has already been processed. Skipping.
2024-11-14 00:06:04,772 INFO:Video 'June/June_7186068050880318721.mp4' has already been processed. Skipping.
2024-11-14 00:06:04,774 INFO:Video 'June/June_7196679805939502378.mp4' has already been processed. Skipping.
2024-11-14 00:06:04,776 INFO:Video 'June/June_7203345179921747246.mp4' has already been processed. Skipping.
2024-11-14 00:06:04,777 INFO:Video 'June/June_7217363265742032146.mp4' has already been processed. Skipping.
2024-11-14 00:06:04,778 INFO:Video 'June/June_7227087714124926250.mp4' has already been processed. Skipping.
2024-11-14 00:06:04,780 INFO:Video 'June/June_7242458049842138414.mp4' has already been processed. Skipping.
2024-11-14 00:06:04,781 INFO:Video 'June/June_7253164826376031531.mp4' has already been processed. Skipping.
2024-11-14 00:06:04,783 INFO:Video 'June/June_7254058035042192683.mp4' has already been processed. Skipping.
2024-11-14 00:06:04,784 INFO:Video 'June/June_7270560481075531051.mp4' has already been processed. Skipping.
2024-11-14 00:06:04,786 INFO:Video 'June/June_7283125935761607942.mp4' has already been processed. Skipping.
2024-11-14 00:06:04,787 INFO:Video 'June/June_7289090085553851691.mp4' has already been processed. Skipping.
2024-11-14 00:06:04,789 INFO:Video 'June/June_7313635215065222433.mp4' has already been processed. Skipping.
2024-11-14 00:06:04,790 INFO:Video 'June/June_7323965646549585184.mp4' has already been processed. Skipping.
2024-11-14 00:06:04,792 INFO:Video 'June/June_7327658208258952454.mp4' has already been processed. Skipping.
2024-11-14 00:06:04,793 INFO:Video 'June/June_7327735909078682886.mp4' has already been processed. Skipping.
2024-11-14 00:06:04,795 INFO:Video 'June/June_7334878111500176682.mp4' has already been processed. Skipping.
2024-11-14 00:06:04,796 INFO:Video 'June/June_7346006018180058410.mp4' has already been processed. Skipping.
2024-11-14 00:06:04,798 INFO:Video 'June/June_7348470367687675169.mp4' has already been processed. Skipping.
2024-11-14 00:06:04,799 INFO:Video 'June/June_7351088982287060267.mp4' has already been processed. Skipping.
2024-11-14 00:06:04,801 INFO:Video 'June/June_7352604646164139296.mp4' has already been processed. Skipping.
2024-11-14 00:06:04,802 INFO:Video 'June/June_7352866476304370976.mp4' has already been processed. Skipping.
2024-11-14 00:06:04,804 INFO:Video 'June/June_7353344354439712033.mp4' has already been processed. Skipping.
2024-11-14 00:06:04,806 INFO:Video 'June/June_7354090035022515489.mp4' has already been processed. Skipping.
2024-11-14 00:06:04,807 INFO:Video 'June/June_7354449717113261345.mp4' has already been processed. Skipping.
2024-11-14 00:06:04,809 INFO:Video 'June/June_7354738707393416449.mp4' has already been processed. Skipping.
2024-11-14 00:06:04,810 INFO:Video 'June/June_7354786178039680288.mp4' has already been processed. Skipping.
2024-11-14 00:06:04,812 INFO:Video 'June/June_7355164909337906437.mp4' has already been processed. Skipping.
2024-11-14 00:06:04,813 INFO:Video 'June/June_7355548808606010656.mp4' has already been processed. Skipping.
2024-11-14 00:06:04,815 INFO:Video 'June/June_7355699808062983467.mp4' has already been processed. Skipping.
2024-11-14 00:06:04,816 INFO:Video 'June/June_7359539568586149137.mp4' has already been processed. Skipping.
2024-11-14 00:06:04,817 INFO:Video 'June/June_7361879274812411182.mp4' has already been processed. Skipping.
2024-11-14 00:06:04,819 INFO:Video 'June/June_7374318965977255185.mp4' has already been processed. Skipping.
2024-11-14 00:06:04,820 INFO:Video 'June/June_7374527737500814634.mp4' has already been processed. Skipping.
2024-11-14 00:06:04,822 INFO:Video 'June/June_7374866128151137568.mp4' has already been processed. Skipping.
2024-11-14 00:06:04,823 INFO:Video 'June/June_7376421173057441030.mp4' has already been processed. Skipping.
2024-11-14 00:06:04,825 INFO:Video 'June/June_7378568322809384222.mp4' has already been processed. Skipping.
2024-11-14 00:06:04,826 INFO:Video 'June/June_7378932461994085662.mp4' has already been processed. Skipping.
2024-11-14 00:06:04,828 INFO:Video 'June/June_7378976715181182241.mp4' has already been processed. Skipping.
2024-11-14 00:06:04,829 INFO:Video 'March/March_6780274527109729542.mp4' has already been processed. Skipping.
2024-11-14 00:06:04,831 INFO:Video 'March/March_6825427289543658758.mp4' has already been processed. Skipping.
2024-11-14 00:06:04,833 INFO:Video 'March/March_6848336726172257541.mp4' has already been processed. Skipping.
2024-11-14 00:06:04,834 INFO:Video 'March/March_6884861467783400709.mp4' has already been processed. Skipping.
2024-11-14 00:06:04,836 INFO:Video 'March/March_7007397335697231109.mp4' has already been processed. Skipping.
2024-11-14 00:06:04,837 INFO:Video 'March/March_7024076496398454021.mp4' has already been processed. Skipping.
2024-11-14 00:06:04,838 INFO:Video 'March/March_7057659050783313199.mp4' has already been processed. Skipping.
2024-11-14 00:06:04,840 INFO:Video 'March/March_7061197934339099909.mp4' has already been processed. Skipping.
2024-11-14 00:06:04,841 INFO:Video 'March/March_7064698988024302853.mp4' has already been processed. Skipping.
2024-11-14 00:06:04,843 INFO:Video 'March/March_7074025450196077870.mp4' has already been processed. Skipping.
2024-11-14 00:06:04,844 INFO:Video 'March/March_7082391700278152494.mp4' has already been processed. Skipping.
2024-11-14 00:06:04,846 INFO:Video 'March/March_7094376871864962309.mp4' has already been processed. Skipping.
2024-11-14 00:06:04,847 INFO:Video 'March/March_7098474387061411114.mp4' has already been processed. Skipping.
2024-11-14 00:06:04,848 INFO:Video 'March/March_7113190642930486554.mp4' has already been processed. Skipping.
2024-11-14 00:06:04,850 INFO:Video 'March/March_7127034470556962094.mp4' has already been processed. Skipping.
2024-11-14 00:06:04,851 INFO:Video 'March/March_7132208870591614251.mp4' has already been processed. Skipping.
2024-11-14 00:06:04,853 INFO:Video 'March/March_7140723408375090478.mp4' has already been processed. Skipping.
2024-11-14 00:06:04,854 INFO:Video 'March/March_7166367555647573290.mp4' has already been processed. Skipping.
2024-11-14 00:06:04,856 INFO:Video 'March/March_7192977740662869253.mp4' has already been processed. Skipping.
2024-11-14 00:06:04,857 INFO:Video 'March/March_7192980532345523461.mp4' has already been processed. Skipping.
2024-11-14 00:06:04,859 INFO:Video 'March/March_7193300768923962629.mp4' has already been processed. Skipping.
2024-11-14 00:06:04,860 INFO:Video 'March/March_7195165922473069867.mp4' has already been processed. Skipping.
2024-11-14 00:06:04,862 INFO:Video 'March/March_7198565862545149190.mp4' has already been processed. Skipping.
2024-11-14 00:06:04,863 INFO:Video 'March/March_7201368883041766661.mp4' has already been processed. Skipping.
2024-11-14 00:06:04,865 INFO:Video 'March/March_7211226760539573547.mp4' has already been processed. Skipping.
2024-11-14 00:06:04,866 INFO:Video 'March/March_7212528213929577771.mp4' has already been processed. Skipping.
2024-11-14 00:06:04,867 INFO:Video 'March/March_7215271010952662315.mp4' has already been processed. Skipping.
2024-11-14 00:06:04,869 INFO:Video 'March/March_7217017328372894981.mp4' has already been processed. Skipping.
2024-11-14 00:06:04,870 INFO:Video 'March/March_7239783952234384683.mp4' has already been processed. Skipping.
2024-11-14 00:06:04,872 INFO:Video 'March/March_7247530196600048942.mp4' has already been processed. Skipping.
2024-11-14 00:06:04,873 INFO:Video 'March/March_7252368376972971307.mp4' has already been processed. Skipping.
2024-11-14 00:06:04,875 INFO:Video 'March/March_7253839727541964074.mp4' has already been processed. Skipping.
2024-11-14 00:06:04,876 INFO:Video 'March/March_7261959571583896839.mp4' has already been processed. Skipping.
2024-11-14 00:06:04,878 INFO:Video 'March/March_7262428545090112811.mp4' has already been processed. Skipping.
2024-11-14 00:06:04,879 INFO:Video 'March/March_7263601522821451050.mp4' has already been processed. Skipping.
2024-11-14 00:06:04,880 INFO:Video 'March/March_7263708105119190314.mp4' has already been processed. Skipping.
2024-11-14 00:06:04,882 INFO:Video 'March/March_7266221421586697514.mp4' has already been processed. Skipping.
2024-11-14 00:06:04,883 INFO:Video 'March/March_7266541824918015264.mp4' has already been processed. Skipping.
2024-11-14 00:06:04,885 INFO:Video 'March/March_7266881833705557291.mp4' has already been processed. Skipping.
2024-11-14 00:06:04,887 INFO:Video 'March/March_7274391877573463329.mp4' has already been processed. Skipping.
2024-11-14 00:06:04,888 INFO:Video 'March/March_7275473419813129514.mp4' has already been processed. Skipping.
2024-11-14 00:06:04,889 INFO:Video 'March/March_7276181643751116074.mp4' has already been processed. Skipping.
2024-11-14 00:06:04,891 INFO:Video 'March/March_7276597212799470894.mp4' has already been processed. Skipping.
2024-11-14 00:06:04,893 INFO:Video 'March/March_7283983001883594026.mp4' has already been processed. Skipping.
2024-11-14 00:06:04,894 INFO:Video 'March/March_7285549287008750890.mp4' has already been processed. Skipping.
2024-11-14 00:06:04,896 INFO:Video 'March/March_7286032229439065390.mp4' has already been processed. Skipping.
2024-11-14 00:06:04,897 INFO:Video 'March/March_7288603067459652910.mp4' has already been processed. Skipping.
2024-11-14 00:06:04,899 INFO:Video 'March/March_7293883156086721835.mp4' has already been processed. Skipping.
2024-11-14 00:06:04,900 INFO:Video 'March/March_7296242592608455941.mp4' has already been processed. Skipping.
2024-11-14 00:06:04,902 INFO:Video 'March/March_7296304695495118085.mp4' has already been processed. Skipping.
2024-11-14 00:06:04,903 INFO:Video 'March/March_7299530710103117098.mp4' has already been processed. Skipping.
2024-11-14 00:06:04,905 INFO:Video 'March/March_7300974640539733294.mp4' has already been processed. Skipping.
2024-11-14 00:06:04,906 INFO:Video 'March/March_7302208133198253317.mp4' has already been processed. Skipping.
2024-11-14 00:06:04,908 INFO:Video 'March/March_7305942699587259653.mp4' has already been processed. Skipping.
2024-11-14 00:06:04,909 INFO:Video 'March/March_7313225381127916843.mp4' has already been processed. Skipping.
2024-11-14 00:06:04,911 INFO:Video 'March/March_7323768730914213153.mp4' has already been processed. Skipping.
2024-11-14 00:06:04,913 INFO:Video 'March/March_7325828116176260394.mp4' has already been processed. Skipping.
2024-11-14 00:06:04,914 INFO:Video 'March/March_7327508654276545838.mp4' has already been processed. Skipping.
2024-11-14 00:06:04,916 INFO:Video 'March/March_7329937676046503210.mp4' has already been processed. Skipping.
2024-11-14 00:06:04,917 INFO:Video 'March/March_7335988802235763974.mp4' has already been processed. Skipping.
2024-11-14 00:06:04,919 INFO:Video 'March/March_7338388852014402817.mp4' has already been processed. Skipping.
2024-11-14 00:06:04,920 INFO:Video 'March/March_7340795558258363656.mp4' has already been processed. Skipping.
2024-11-14 00:06:04,922 INFO:Video 'March/March_7342143325283028257.mp4' has already been processed. Skipping.
2024-11-14 00:06:04,923 INFO:Video 'March/March_7343228800819285249.mp4' has already been processed. Skipping.
2024-11-14 00:06:04,924 INFO:Video 'March/March_7345807732563348737.mp4' has already been processed. Skipping.
2024-11-14 00:06:04,926 INFO:Video 'May/May_6894054313610562822.mp4' has already been processed. Skipping.
2024-11-14 00:06:04,928 INFO:Video 'May/May_6952945739991436549.mp4' has already been processed. Skipping.
2024-11-14 00:06:04,929 INFO:Video 'May/May_6987586576779873541.mp4' has already been processed. Skipping.
2024-11-14 00:06:04,931 INFO:Video 'May/May_7057532425236172038.mp4' has already been processed. Skipping.
2024-11-14 00:06:04,932 INFO:Video 'May/May_7106615179869228294.mp4' has already been processed. Skipping.
2024-11-14 00:06:04,933 INFO:Video 'May/May_7120041856544607515.mp4' has already been processed. Skipping.
2024-11-14 00:06:04,935 INFO:Video 'May/May_7130629864507329835.mp4' has already been processed. Skipping.
2024-11-14 00:06:04,936 INFO:Video 'May/May_7133583879008505131.mp4' has already been processed. Skipping.
2024-11-14 00:06:04,938 INFO:Video 'May/May_7139573083475676422.mp4' has already been processed. Skipping.
2024-11-14 00:06:04,939 INFO:Video 'May/May_7146701731185970478.mp4' has already been processed. Skipping.
2024-11-14 00:06:04,941 INFO:Video 'May/May_7146741114068798766.mp4' has already been processed. Skipping.
2024-11-14 00:06:04,942 INFO:Video 'May/May_7154027350533983493.mp4' has already been processed. Skipping.
2024-11-14 00:06:04,944 INFO:Video 'May/May_7154040972203134214.mp4' has already been processed. Skipping.
2024-11-14 00:06:04,945 INFO:Video 'May/May_7154331349434846470.mp4' has already been processed. Skipping.
2024-11-14 00:06:04,947 INFO:Video 'May/May_7156323415056502022.mp4' has already been processed. Skipping.
2024-11-14 00:06:04,948 INFO:Video 'May/May_7181666843067813162.mp4' has already been processed. Skipping.
2024-11-14 00:06:04,950 INFO:Video 'May/May_7182373745032498434.mp4' has already been processed. Skipping.
2024-11-14 00:06:04,951 INFO:Video 'May/May_7184909449679604994.mp4' has already been processed. Skipping.
2024-11-14 00:06:04,953 INFO:Video 'May/May_7186582719059479809.mp4' has already been processed. Skipping.
2024-11-14 00:06:04,954 INFO:Video 'May/May_7186884297876573486.mp4' has already been processed. Skipping.
2024-11-14 00:06:04,956 INFO:Video 'May/May_7204124850053516590.mp4' has already been processed. Skipping.
2024-11-14 00:06:04,958 INFO:Video 'May/May_7208189830226922758.mp4' has already been processed. Skipping.
2024-11-14 00:06:04,960 INFO:Video 'May/May_7208641585284762885.mp4' has already been processed. Skipping.
2024-11-14 00:06:04,961 INFO:Video 'May/May_7230186792731856154.mp4' has already been processed. Skipping.
2024-11-14 00:06:04,963 INFO:Video 'May/May_7236018422432288006.mp4' has already been processed. Skipping.
2024-11-14 00:06:04,965 INFO:Video 'May/May_7239403426818329882.mp4' has already been processed. Skipping.
2024-11-14 00:06:04,966 INFO:Video 'May/May_7272079192362110250.mp4' has already been processed. Skipping.
2024-11-14 00:06:04,968 INFO:Video 'May/May_7276620522635496750.mp4' has already been processed. Skipping.
2024-11-14 00:06:04,970 INFO:Video 'May/May_7276714139446168839.mp4' has already been processed. Skipping.
2024-11-14 00:06:04,972 INFO:Video 'May/May_7277405619353603336.mp4' has already been processed. Skipping.
2024-11-14 00:06:04,973 INFO:Video 'May/May_7292203546156502290.mp4' has already been processed. Skipping.
2024-11-14 00:06:04,975 INFO:Video 'May/May_7312627241941323041.mp4' has already been processed. Skipping.
2024-11-14 00:06:04,977 INFO:Video 'May/May_7314439514343329070.mp4' has already been processed. Skipping.
2024-11-14 00:06:04,979 INFO:Video 'May/May_7314962769265069320.mp4' has already been processed. Skipping.
2024-11-14 00:06:04,981 INFO:Video 'May/May_7315701246248176903.mp4' has already been processed. Skipping.
2024-11-14 00:06:04,982 INFO:Video 'May/May_7327998676469615915.mp4' has already been processed. Skipping.
2024-11-14 00:06:04,984 INFO:Video 'May/May_7330154931069914373.mp4' has already been processed. Skipping.
2024-11-14 00:06:04,986 INFO:Video 'May/May_7342159961495063851.mp4' has already been processed. Skipping.
2024-11-14 00:06:04,988 INFO:Video 'May/May_7345656419900738858.mp4' has already been processed. Skipping.
2024-11-14 00:06:04,989 INFO:Video 'May/May_7351943207225150762.mp4' has already been processed. Skipping.
2024-11-14 00:06:04,991 INFO:Video 'May/May_7356564452134735120.mp4' has already been processed. Skipping.
2024-11-14 00:06:04,993 INFO:Video 'May/May_7358067069964832017.mp4' has already been processed. Skipping.
2024-11-14 00:06:04,995 INFO:Video 'May/May_7363150081060539653.mp4' has already been processed. Skipping.
2024-11-14 00:06:04,996 INFO:Video 'May/May_7365622824163151146.mp4' has already been processed. Skipping.
2024-11-14 00:06:04,998 INFO:Video 'May/May_7366188800562810145.mp4' has already been processed. Skipping.
2024-11-14 00:06:05,000 INFO:Video 'May/May_7366458415519976747.mp4' has already been processed. Skipping.
2024-11-14 00:06:05,002 INFO:Video 'May/May_7367605055500864773.mp4' has already been processed. Skipping.
2024-11-14 00:06:05,003 INFO:Video 'May/May_7368569585609592096.mp4' has already been processed. Skipping.
2024-11-14 00:06:05,005 INFO:Video 'May/May_7368973020767079723.mp4' has already been processed. Skipping.
2024-11-14 00:06:05,007 INFO:Video 'May/May_7369739004658568494.mp4' has already been processed. Skipping.
2024-11-14 00:06:05,009 INFO:Video 'May/May_7371924922735643936.mp4' has already been processed. Skipping.
2024-11-14 00:06:05,011 INFO:Video 'May/May_7372888045894290721.mp4' has already been processed. Skipping.
2024-11-14 00:06:05,011 INFO:Processing completed.
